\BOOKMARK [0][-]{chapter.1}{\376\377\0001\000\040\000N\000a\000m\000e\000s\000p\000a\000c\000e\000\040\000I\000n\000d\000e\000x}{}% 1
\BOOKMARK [1][-]{section.1.1}{\376\377\0001\000.\0001\000\040\000N\000a\000m\000e\000s\000p\000a\000c\000e\000\040\000L\000i\000s\000t}{chapter.1}% 2
\BOOKMARK [0][-]{chapter.2}{\376\377\0002\000\040\000H\000i\000e\000r\000a\000r\000c\000h\000i\000c\000a\000l\000\040\000I\000n\000d\000e\000x}{}% 3
\BOOKMARK [1][-]{section.2.1}{\376\377\0002\000.\0001\000\040\000C\000l\000a\000s\000s\000\040\000H\000i\000e\000r\000a\000r\000c\000h\000y}{chapter.2}% 4
\BOOKMARK [0][-]{chapter.3}{\376\377\0003\000\040\000C\000l\000a\000s\000s\000\040\000I\000n\000d\000e\000x}{}% 5
\BOOKMARK [1][-]{section.3.1}{\376\377\0003\000.\0001\000\040\000C\000l\000a\000s\000s\000\040\000L\000i\000s\000t}{chapter.3}% 6
\BOOKMARK [0][-]{chapter.4}{\376\377\0004\000\040\000F\000i\000l\000e\000\040\000I\000n\000d\000e\000x}{}% 7
\BOOKMARK [1][-]{section.4.1}{\376\377\0004\000.\0001\000\040\000F\000i\000l\000e\000\040\000L\000i\000s\000t}{chapter.4}% 8
\BOOKMARK [0][-]{chapter.5}{\376\377\0005\000\040\000N\000a\000m\000e\000s\000p\000a\000c\000e\000\040\000D\000o\000c\000u\000m\000e\000n\000t\000a\000t\000i\000o\000n}{}% 9
\BOOKMARK [1][-]{section.5.1}{\376\377\0005\000.\0001\000\040\000P\000a\000c\000k\000a\000g\000e\000\040\000t\000r\000a\000n\000s\000l\000a\000t\000i\000o\000n\000V\000i\000s\000u\000a\000l\000i\000z\000a\000t\000i\000o\000n}{chapter.5}% 10
\BOOKMARK [0][-]{chapter.6}{\376\377\0006\000\040\000C\000l\000a\000s\000s\000\040\000D\000o\000c\000u\000m\000e\000n\000t\000a\000t\000i\000o\000n}{}% 11
\BOOKMARK [1][-]{section.6.1}{\376\377\0006\000.\0001\000\040\000t\000r\000a\000n\000s\000l\000a\000t\000i\000o\000n\000V\000i\000s\000u\000a\000l\000i\000z\000a\000t\000i\000o\000n\000.\000D\000a\000t\000a\000R\000e\000a\000d\000e\000r\000\040\000C\000l\000a\000s\000s\000\040\000R\000e\000f\000e\000r\000e\000n\000c\000e}{chapter.6}% 12
\BOOKMARK [2][-]{subsection.6.1.1}{\376\377\0006\000.\0001\000.\0001\000\040\000D\000e\000t\000a\000i\000l\000e\000d\000\040\000D\000e\000s\000c\000r\000i\000p\000t\000i\000o\000n}{section.6.1}% 13
\BOOKMARK [2][-]{subsection.6.1.2}{\376\377\0006\000.\0001\000.\0002\000\040\000M\000e\000m\000b\000e\000r\000\040\000F\000u\000n\000c\000t\000i\000o\000n\000\040\000D\000o\000c\000u\000m\000e\000n\000t\000a\000t\000i\000o\000n}{section.6.1}% 14
\BOOKMARK [3][-]{subsubsection.6.1.2.1}{\376\377\0006\000.\0001\000.\0002\000.\0001\000\040\000a\000d\000d\000f\000r\000e\000q\000u\000e\000n\000c\000y\000C\000o\000l\000o\000r\000I\000n\000d\000e\000x\000\050\000\051}{subsection.6.1.2}% 15
\BOOKMARK [3][-]{subsubsection.6.1.2.2}{\376\377\0006\000.\0001\000.\0002\000.\0002\000\040\000a\000d\000d\000S\000t\000r\000i\000n\000g\000I\000n\000d\000e\000x\000\050\000\051}{subsection.6.1.2}% 16
\BOOKMARK [3][-]{subsubsection.6.1.2.3}{\376\377\0006\000.\0001\000.\0002\000.\0003\000\040\000a\000d\000d\000T\000f\000i\000d\000f\000\050\000\051}{subsection.6.1.2}% 17
\BOOKMARK [3][-]{subsubsection.6.1.2.4}{\376\377\0006\000.\0001\000.\0002\000.\0004\000\040\000a\000d\000d\000V\000e\000r\000s\000i\000o\000n\000I\000n\000f\000o\000\050\000\051}{subsection.6.1.2}% 18
\BOOKMARK [3][-]{subsubsection.6.1.2.5}{\376\377\0006\000.\0001\000.\0002\000.\0005\000\040\000a\000d\000d\000W\000o\000r\000d\000F\000r\000e\000q\000u\000e\000n\000c\000y\000\050\000\051}{subsection.6.1.2}% 19
\BOOKMARK [3][-]{subsubsection.6.1.2.6}{\376\377\0006\000.\0001\000.\0002\000.\0006\000\040\000c\000a\000l\000c\000u\000l\000a\000t\000e\000C\000o\000l\000o\000r\000\050\000\051}{subsection.6.1.2}% 20
\BOOKMARK [3][-]{subsubsection.6.1.2.7}{\376\377\0006\000.\0001\000.\0002\000.\0007\000\040\000c\000a\000l\000c\000u\000l\000a\000t\000e\000P\000o\000i\000n\000t\000\050\000\051}{subsection.6.1.2}% 21
\BOOKMARK [3][-]{subsubsection.6.1.2.8}{\376\377\0006\000.\0001\000.\0002\000.\0008\000\040\000f\000i\000l\000e\000P\000a\000t\000h\000P\000r\000o\000c\000e\000s\000s\000\050\000\051}{subsection.6.1.2}% 22
\BOOKMARK [3][-]{subsubsection.6.1.2.9}{\376\377\0006\000.\0001\000.\0002\000.\0009\000\040\000g\000e\000t\000M\000\137\000F\000i\000l\000e\000P\000a\000t\000h\000\050\000\051}{subsection.6.1.2}% 23
\BOOKMARK [3][-]{subsubsection.6.1.2.10}{\376\377\0006\000.\0001\000.\0002\000.\0001\0000\000\040\000g\000e\000t\000M\000\137\000f\000r\000e\000q\000u\000e\000n\000c\000y\000C\000o\000l\000o\000r\000I\000n\000d\000e\000x\000\050\000\051}{subsection.6.1.2}% 24
\BOOKMARK [3][-]{subsubsection.6.1.2.11}{\376\377\0006\000.\0001\000.\0002\000.\0001\0001\000\040\000g\000e\000t\000M\000\137\000F\000r\000e\000q\000u\000e\000n\000c\000y\000I\000n\000d\000e\000x\000\050\000\051}{subsection.6.1.2}% 25
\BOOKMARK [3][-]{subsubsection.6.1.2.12}{\376\377\0006\000.\0001\000.\0002\000.\0001\0002\000\040\000g\000e\000t\000M\000\137\000O\000n\000e\000T\000o\000k\000e\000n\000L\000i\000s\000t\000\050\000\051}{subsection.6.1.2}% 26
\BOOKMARK [3][-]{subsubsection.6.1.2.13}{\376\377\0006\000.\0001\000.\0002\000.\0001\0003\000\040\000g\000e\000t\000M\000\137\000t\000o\000k\000e\000n\000L\000i\000s\000t\000s\000\050\000\051}{subsection.6.1.2}% 27
\BOOKMARK [3][-]{subsubsection.6.1.2.14}{\376\377\0006\000.\0001\000.\0002\000.\0001\0004\000\040\000g\000e\000t\000M\000\137\000U\000n\000s\000o\000r\000t\000e\000d\000F\000r\000e\000q\000u\000e\000n\000c\000y\000\050\000\051}{subsection.6.1.2}% 28
\BOOKMARK [3][-]{subsubsection.6.1.2.15}{\376\377\0006\000.\0001\000.\0002\000.\0001\0005\000\040\000g\000e\000t\000M\000\137\000V\000e\000r\000s\000i\000o\000n\000L\000i\000s\000t\000\050\000\051}{subsection.6.1.2}% 29
\BOOKMARK [3][-]{subsubsection.6.1.2.16}{\376\377\0006\000.\0001\000.\0002\000.\0001\0006\000\040\000g\000e\000t\000M\000\137\000V\000e\000r\000s\000i\000o\000n\000N\000a\000m\000e\000L\000i\000s\000t\000\050\000\051}{subsection.6.1.2}% 30
\BOOKMARK [3][-]{subsubsection.6.1.2.17}{\376\377\0006\000.\0001\000.\0002\000.\0001\0007\000\040\000g\000e\000t\000V\000e\000r\000s\000i\000o\000n\000\050\000\051}{subsection.6.1.2}% 31
\BOOKMARK [3][-]{subsubsection.6.1.2.18}{\376\377\0006\000.\0001\000.\0002\000.\0001\0008\000\040\000i\000n\000i\000t\000i\000a\000t\000e\000D\000a\000t\000a\000R\000e\000a\000d\000e\000r\000\050\000\051}{subsection.6.1.2}% 32
\BOOKMARK [3][-]{subsubsection.6.1.2.19}{\376\377\0006\000.\0001\000.\0002\000.\0001\0009\000\040\000i\000n\000i\000t\000i\000a\000t\000e\000T\000f\000I\000d\000f\000\050\000\051}{subsection.6.1.2}% 33
\BOOKMARK [3][-]{subsubsection.6.1.2.20}{\376\377\0006\000.\0001\000.\0002\000.\0002\0000\000\040\000i\000s\000F\000r\000e\000q\000u\000e\000n\000t\000V\000a\000l\000u\000e\000\050\000\051}{subsection.6.1.2}% 34
\BOOKMARK [3][-]{subsubsection.6.1.2.21}{\376\377\0006\000.\0001\000.\0002\000.\0002\0001\000\040\000j\000S\000o\000n\000R\000e\000a\000d\000e\000r\000\050\000\051}{subsection.6.1.2}% 35
\BOOKMARK [3][-]{subsubsection.6.1.2.22}{\376\377\0006\000.\0001\000.\0002\000.\0002\0002\000\040\000r\000e\000a\000d\000A\000l\000l\000F\000i\000l\000e\000\050\000\051}{subsection.6.1.2}% 36
\BOOKMARK [3][-]{subsubsection.6.1.2.23}{\376\377\0006\000.\0001\000.\0002\000.\0002\0003\000\040\000r\000e\000a\000d\000O\000n\000e\000F\000i\000l\000e\000\050\000\051}{subsection.6.1.2}% 37
\BOOKMARK [3][-]{subsubsection.6.1.2.24}{\376\377\0006\000.\0001\000.\0002\000.\0002\0004\000\040\000s\000e\000t\000F\000r\000e\000q\000u\000e\000n\000t\000V\000a\000l\000u\000e\000\050\000\051}{subsection.6.1.2}% 38
\BOOKMARK [3][-]{subsubsection.6.1.2.25}{\376\377\0006\000.\0001\000.\0002\000.\0002\0005\000\040\000s\000e\000t\000G\000e\000r\000m\000a\000n\000L\000e\000m\000m\000a\000F\000i\000l\000e\000P\000a\000t\000h\000\050\000\051}{subsection.6.1.2}% 39
\BOOKMARK [3][-]{subsubsection.6.1.2.26}{\376\377\0006\000.\0001\000.\0002\000.\0002\0006\000\040\000s\000e\000t\000I\000n\000i\000t\000i\000a\000l\000F\000i\000l\000e\000P\000a\000t\000h\000\050\000\051}{subsection.6.1.2}% 40
\BOOKMARK [3][-]{subsubsection.6.1.2.27}{\376\377\0006\000.\0001\000.\0002\000.\0002\0007\000\040\000s\000e\000t\000M\000\137\000F\000r\000e\000q\000u\000e\000n\000c\000y\000I\000n\000d\000e\000x\000\050\000\051}{subsection.6.1.2}% 41
\BOOKMARK [3][-]{subsubsection.6.1.2.28}{\376\377\0006\000.\0001\000.\0002\000.\0002\0008\000\040\000s\000e\000t\000M\000\137\000O\000n\000e\000T\000o\000k\000e\000n\000L\000i\000s\000t\000\050\000\051}{subsection.6.1.2}% 42
\BOOKMARK [3][-]{subsubsection.6.1.2.29}{\376\377\0006\000.\0001\000.\0002\000.\0002\0009\000\040\000s\000e\000t\000M\000\137\000U\000n\000s\000o\000r\000t\000e\000d\000F\000r\000e\000q\000u\000e\000n\000c\000y\000\050\000\051}{subsection.6.1.2}% 43
\BOOKMARK [3][-]{subsubsection.6.1.2.30}{\376\377\0006\000.\0001\000.\0002\000.\0003\0000\000\040\000s\000e\000t\000M\000\137\000V\000e\000r\000s\000i\000o\000n\000L\000i\000s\000t\000\050\000\051}{subsection.6.1.2}% 44
\BOOKMARK [3][-]{subsubsection.6.1.2.31}{\376\377\0006\000.\0001\000.\0002\000.\0003\0001\000\040\000s\000e\000t\000V\000e\000r\000s\000i\000o\000n\000\050\000\051}{subsection.6.1.2}% 45
\BOOKMARK [3][-]{subsubsection.6.1.2.32}{\376\377\0006\000.\0001\000.\0002\000.\0003\0002\000\040\000s\000o\000r\000t\000C\000o\000l\000o\000r\000I\000n\000d\000e\000x\000\050\000\051}{subsection.6.1.2}% 46
\BOOKMARK [3][-]{subsubsection.6.1.2.33}{\376\377\0006\000.\0001\000.\0002\000.\0003\0003\000\040\000s\000o\000r\000t\000F\000r\000e\000q\000u\000e\000n\000c\000y\000I\000n\000d\000e\000x\000\050\000\051}{subsection.6.1.2}% 47
\BOOKMARK [2][-]{subsection.6.1.3}{\376\377\0006\000.\0001\000.\0003\000\040\000M\000e\000m\000b\000e\000r\000\040\000D\000a\000t\000a\000\040\000D\000o\000c\000u\000m\000e\000n\000t\000a\000t\000i\000o\000n}{section.6.1}% 48
\BOOKMARK [3][-]{subsubsection.6.1.3.1}{\376\377\0006\000.\0001\000.\0003\000.\0001\000\040\000m\000\137\000S\000t\000r\000i\000n\000g\000I\000n\000d\000e\000x}{subsection.6.1.3}% 49
\BOOKMARK [3][-]{subsubsection.6.1.3.2}{\376\377\0006\000.\0001\000.\0003\000.\0002\000\040\000m\000\137\000V\000e\000r\000s\000i\000o\000n\000L\000i\000s\000t}{subsection.6.1.3}% 50
\BOOKMARK [3][-]{subsubsection.6.1.3.3}{\376\377\0006\000.\0001\000.\0003\000.\0003\000\040\000m\000\137\000V\000e\000r\000s\000i\000o\000n\000N\000a\000m\000e\000L\000i\000s\000t}{subsection.6.1.3}% 51
\BOOKMARK [1][-]{section.6.2}{\376\377\0006\000.\0002\000\040\000t\000r\000a\000n\000s\000l\000a\000t\000i\000o\000n\000V\000i\000s\000u\000a\000l\000i\000z\000a\000t\000i\000o\000n\000.\000I\000t\000e\000m\000\040\000C\000l\000a\000s\000s\000\040\000R\000e\000f\000e\000r\000e\000n\000c\000e}{chapter.6}% 52
\BOOKMARK [2][-]{subsection.6.2.1}{\376\377\0006\000.\0002\000.\0001\000\040\000D\000e\000t\000a\000i\000l\000e\000d\000\040\000D\000e\000s\000c\000r\000i\000p\000t\000i\000o\000n}{section.6.2}% 53
\BOOKMARK [2][-]{subsection.6.2.2}{\376\377\0006\000.\0002\000.\0002\000\040\000M\000e\000m\000b\000e\000r\000\040\000F\000u\000n\000c\000t\000i\000o\000n\000\040\000D\000o\000c\000u\000m\000e\000n\000t\000a\000t\000i\000o\000n}{section.6.2}% 54
\BOOKMARK [3][-]{subsubsection.6.2.2.1}{\376\377\0006\000.\0002\000.\0002\000.\0001\000\040\000g\000e\000t\000M\000\137\000F\000r\000e\000q\000u\000e\000n\000c\000i\000e\000s\000\050\000\051}{subsection.6.2.2}% 55
\BOOKMARK [3][-]{subsubsection.6.2.2.2}{\376\377\0006\000.\0002\000.\0002\000.\0002\000\040\000g\000e\000t\000M\000\137\000F\000r\000e\000q\000u\000e\000n\000c\000y\000\050\000\051}{subsection.6.2.2}% 56
\BOOKMARK [3][-]{subsubsection.6.2.2.3}{\376\377\0006\000.\0002\000.\0002\000.\0003\000\040\000g\000e\000t\000M\000\137\000R\000a\000n\000g\000e\000E\000n\000d\000P\000o\000i\000n\000t\000\050\000\051}{subsection.6.2.2}% 57
\BOOKMARK [3][-]{subsubsection.6.2.2.4}{\376\377\0006\000.\0002\000.\0002\000.\0004\000\040\000g\000e\000t\000M\000\137\000R\000e\000c\000t\000a\000n\000g\000l\000e\000s\000\050\000\051}{subsection.6.2.2}% 58
\BOOKMARK [3][-]{subsubsection.6.2.2.5}{\376\377\0006\000.\0002\000.\0002\000.\0005\000\040\000g\000e\000t\000M\000\137\000R\000e\000c\000t\000C\000o\000l\000o\000r\000\050\000\051}{subsection.6.2.2}% 59
\BOOKMARK [3][-]{subsubsection.6.2.2.6}{\376\377\0006\000.\0002\000.\0002\000.\0006\000\040\000g\000e\000t\000M\000\137\000R\000e\000c\000t\000H\000e\000i\000g\000h\000t\000\050\000\051}{subsection.6.2.2}% 60
\BOOKMARK [3][-]{subsubsection.6.2.2.7}{\376\377\0006\000.\0002\000.\0002\000.\0007\000\040\000g\000e\000t\000M\000\137\000R\000e\000c\000t\000P\000o\000i\000n\000t\000\050\000\051}{subsection.6.2.2}% 61
\BOOKMARK [3][-]{subsubsection.6.2.2.8}{\376\377\0006\000.\0002\000.\0002\000.\0008\000\040\000g\000e\000t\000M\000\137\000R\000e\000c\000t\000W\000i\000d\000t\000h\000\050\000\051}{subsection.6.2.2}% 62
\BOOKMARK [3][-]{subsubsection.6.2.2.9}{\376\377\0006\000.\0002\000.\0002\000.\0009\000\040\000g\000e\000t\000M\000\137\000S\000t\000r\000i\000n\000g\000P\000o\000i\000n\000t\000\050\000\051}{subsection.6.2.2}% 63
\BOOKMARK [3][-]{subsubsection.6.2.2.10}{\376\377\0006\000.\0002\000.\0002\000.\0001\0000\000\040\000g\000e\000t\000M\000\137\000T\000f\000I\000d\000f\000\050\000\051}{subsection.6.2.2}% 64
\BOOKMARK [3][-]{subsubsection.6.2.2.11}{\376\377\0006\000.\0002\000.\0002\000.\0001\0001\000\040\000g\000e\000t\000M\000\137\000T\000o\000k\000e\000n\000\050\000\051}{subsection.6.2.2}% 65
\BOOKMARK [3][-]{subsubsection.6.2.2.12}{\376\377\0006\000.\0002\000.\0002\000.\0001\0002\000\040\000g\000e\000t\000M\000\137\000T\000o\000k\000e\000n\000\137\000F\000o\000n\000t\000\050\000\051}{subsection.6.2.2}% 66
\BOOKMARK [3][-]{subsubsection.6.2.2.13}{\376\377\0006\000.\0002\000.\0002\000.\0001\0003\000\040\000g\000e\000t\000M\000\137\000T\000o\000k\000e\000n\000C\000o\000l\000o\000r\000\050\000\051}{subsection.6.2.2}% 67
\BOOKMARK [3][-]{subsubsection.6.2.2.14}{\376\377\0006\000.\0002\000.\0002\000.\0001\0004\000\040\000g\000e\000t\000M\000\137\000T\000o\000k\000e\000n\000L\000e\000m\000m\000a\000\050\000\051}{subsection.6.2.2}% 68
\BOOKMARK [3][-]{subsubsection.6.2.2.15}{\376\377\0006\000.\0002\000.\0002\000.\0001\0005\000\040\000g\000e\000t\000M\000\137\000T\000o\000k\000e\000n\000s\000\050\000\051}{subsection.6.2.2}% 69
\BOOKMARK [3][-]{subsubsection.6.2.2.16}{\376\377\0006\000.\0002\000.\0002\000.\0001\0006\000\040\000g\000e\000t\000M\000\137\000T\000o\000k\000e\000n\000T\000r\000a\000n\000s\000l\000a\000t\000i\000o\000n\000\050\000\051}{subsection.6.2.2}% 70
\BOOKMARK [3][-]{subsubsection.6.2.2.17}{\376\377\0006\000.\0002\000.\0002\000.\0001\0007\000\040\000g\000e\000t\000M\000\137\000T\000o\000k\000e\000n\000T\000r\000a\000n\000s\000l\000a\000t\000i\000o\000n\000s\000\050\000\051}{subsection.6.2.2}% 71
\BOOKMARK [3][-]{subsubsection.6.2.2.18}{\376\377\0006\000.\0002\000.\0002\000.\0001\0008\000\040\000g\000e\000t\000M\000\137\000W\000O\000R\000D\000\137\000F\000O\000N\000T\000\050\000\051}{subsection.6.2.2}% 72
\BOOKMARK [3][-]{subsubsection.6.2.2.19}{\376\377\0006\000.\0002\000.\0002\000.\0001\0009\000\040\000i\000s\000M\000\137\000r\000e\000c\000t\000L\000i\000n\000e\000\050\000\051}{subsection.6.2.2}% 73
\BOOKMARK [3][-]{subsubsection.6.2.2.20}{\376\377\0006\000.\0002\000.\0002\000.\0002\0000\000\040\000s\000e\000t\000M\000\137\000F\000r\000e\000q\000u\000e\000n\000c\000i\000e\000s\000\050\000\051}{subsection.6.2.2}% 74
\BOOKMARK [3][-]{subsubsection.6.2.2.21}{\376\377\0006\000.\0002\000.\0002\000.\0002\0001\000\040\000s\000e\000t\000M\000\137\000F\000r\000e\000q\000u\000e\000n\000c\000y\000\050\000\051}{subsection.6.2.2}% 75
\BOOKMARK [3][-]{subsubsection.6.2.2.22}{\376\377\0006\000.\0002\000.\0002\000.\0002\0002\000\040\000s\000e\000t\000M\000\137\000R\000a\000n\000g\000e\000E\000n\000d\000P\000o\000i\000n\000t\000\050\000\051}{subsection.6.2.2}% 76
\BOOKMARK [3][-]{subsubsection.6.2.2.23}{\376\377\0006\000.\0002\000.\0002\000.\0002\0003\000\040\000s\000e\000t\000M\000\137\000R\000e\000c\000t\000a\000n\000g\000l\000e\000s\000\050\000\051}{subsection.6.2.2}% 77
\BOOKMARK [3][-]{subsubsection.6.2.2.24}{\376\377\0006\000.\0002\000.\0002\000.\0002\0004\000\040\000s\000e\000t\000M\000\137\000R\000e\000c\000t\000C\000o\000l\000o\000r\000\050\000\051}{subsection.6.2.2}% 78
\BOOKMARK [3][-]{subsubsection.6.2.2.25}{\376\377\0006\000.\0002\000.\0002\000.\0002\0005\000\040\000s\000e\000t\000M\000\137\000R\000e\000c\000t\000H\000e\000i\000g\000h\000t\000\050\000\051}{subsection.6.2.2}% 79
\BOOKMARK [3][-]{subsubsection.6.2.2.26}{\376\377\0006\000.\0002\000.\0002\000.\0002\0006\000\040\000s\000e\000t\000M\000\137\000r\000e\000c\000t\000L\000i\000n\000e\000\050\000\051}{subsection.6.2.2}% 80
\BOOKMARK [3][-]{subsubsection.6.2.2.27}{\376\377\0006\000.\0002\000.\0002\000.\0002\0007\000\040\000s\000e\000t\000M\000\137\000R\000e\000c\000t\000P\000o\000i\000n\000t\000\050\000\051}{subsection.6.2.2}% 81
\BOOKMARK [3][-]{subsubsection.6.2.2.28}{\376\377\0006\000.\0002\000.\0002\000.\0002\0008\000\040\000s\000e\000t\000M\000\137\000R\000e\000c\000t\000W\000i\000d\000t\000h\000\050\000\051}{subsection.6.2.2}% 82
\BOOKMARK [3][-]{subsubsection.6.2.2.29}{\376\377\0006\000.\0002\000.\0002\000.\0002\0009\000\040\000s\000e\000t\000M\000\137\000S\000t\000r\000i\000n\000g\000P\000o\000i\000n\000t\000\050\000\051}{subsection.6.2.2}% 83
\BOOKMARK [3][-]{subsubsection.6.2.2.30}{\376\377\0006\000.\0002\000.\0002\000.\0003\0000\000\040\000s\000e\000t\000M\000\137\000T\000f\000I\000d\000f\000\050\000\051}{subsection.6.2.2}% 84
\BOOKMARK [3][-]{subsubsection.6.2.2.31}{\376\377\0006\000.\0002\000.\0002\000.\0003\0001\000\040\000s\000e\000t\000M\000\137\000T\000o\000k\000e\000n\000\050\000\051}{subsection.6.2.2}% 85
\BOOKMARK [3][-]{subsubsection.6.2.2.32}{\376\377\0006\000.\0002\000.\0002\000.\0003\0002\000\040\000s\000e\000t\000M\000\137\000T\000o\000k\000e\000n\000\137\000F\000o\000n\000t\000\050\000\051}{subsection.6.2.2}% 86
\BOOKMARK [3][-]{subsubsection.6.2.2.33}{\376\377\0006\000.\0002\000.\0002\000.\0003\0003\000\040\000s\000e\000t\000M\000\137\000T\000o\000k\000e\000n\000C\000o\000l\000o\000r\000\050\000\051}{subsection.6.2.2}% 87
\BOOKMARK [3][-]{subsubsection.6.2.2.34}{\376\377\0006\000.\0002\000.\0002\000.\0003\0004\000\040\000s\000e\000t\000M\000\137\000T\000o\000k\000e\000n\000L\000e\000m\000m\000a\000\050\000\051}{subsection.6.2.2}% 88
\BOOKMARK [3][-]{subsubsection.6.2.2.35}{\376\377\0006\000.\0002\000.\0002\000.\0003\0005\000\040\000s\000e\000t\000M\000\137\000T\000o\000k\000e\000n\000s\000\050\000\051}{subsection.6.2.2}% 89
\BOOKMARK [3][-]{subsubsection.6.2.2.36}{\376\377\0006\000.\0002\000.\0002\000.\0003\0006\000\040\000s\000e\000t\000M\000\137\000T\000o\000k\000e\000n\000T\000r\000a\000n\000s\000l\000a\000t\000i\000o\000n\000\050\000\051}{subsection.6.2.2}% 90
\BOOKMARK [3][-]{subsubsection.6.2.2.37}{\376\377\0006\000.\0002\000.\0002\000.\0003\0007\000\040\000s\000e\000t\000M\000\137\000T\000o\000k\000e\000n\000T\000r\000a\000n\000s\000l\000a\000t\000i\000o\000n\000s\000\050\000\051}{subsection.6.2.2}% 91
\BOOKMARK [1][-]{section.6.3}{\376\377\0006\000.\0003\000\040\000t\000r\000a\000n\000s\000l\000a\000t\000i\000o\000n\000V\000i\000s\000u\000a\000l\000i\000z\000a\000t\000i\000o\000n\000.\000L\000e\000m\000m\000a\000P\000r\000o\000c\000e\000s\000s\000\040\000C\000l\000a\000s\000s\000\040\000R\000e\000f\000e\000r\000e\000n\000c\000e}{chapter.6}% 92
\BOOKMARK [2][-]{subsection.6.3.1}{\376\377\0006\000.\0003\000.\0001\000\040\000M\000e\000m\000b\000e\000r\000\040\000F\000u\000n\000c\000t\000i\000o\000n\000\040\000D\000o\000c\000u\000m\000e\000n\000t\000a\000t\000i\000o\000n}{section.6.3}% 93
\BOOKMARK [3][-]{subsubsection.6.3.1.1}{\376\377\0006\000.\0003\000.\0001\000.\0001\000\040\000g\000e\000t\000O\000b\000j\000e\000c\000t\000\050\000\051}{subsection.6.3.1}% 94
\BOOKMARK [3][-]{subsubsection.6.3.1.2}{\376\377\0006\000.\0003\000.\0001\000.\0002\000\040\000j\000S\000o\000n\000R\000e\000a\000d\000e\000r\000\050\000\051}{subsection.6.3.1}% 95
\BOOKMARK [3][-]{subsubsection.6.3.1.3}{\376\377\0006\000.\0003\000.\0001\000.\0003\000\040\000m\000a\000i\000n\000\050\000\051}{subsection.6.3.1}% 96
\BOOKMARK [3][-]{subsubsection.6.3.1.4}{\376\377\0006\000.\0003\000.\0001\000.\0004\000\040\000r\000e\000a\000d\000C\000o\000r\000p\000u\000s\000\050\000\051}{subsection.6.3.1}% 97
\BOOKMARK [3][-]{subsubsection.6.3.1.5}{\376\377\0006\000.\0003\000.\0001\000.\0005\000\040\000r\000e\000a\000d\000O\000n\000e\000F\000i\000l\000e\000\050\000\051}{subsection.6.3.1}% 98
\BOOKMARK [3][-]{subsubsection.6.3.1.6}{\376\377\0006\000.\0003\000.\0001\000.\0006\000\040\000s\000e\000t\000O\000b\000j\000e\000c\000t\000\050\000\051}{subsection.6.3.1}% 99
\BOOKMARK [1][-]{section.6.4}{\376\377\0006\000.\0004\000\040\000t\000r\000a\000n\000s\000l\000a\000t\000i\000o\000n\000V\000i\000s\000u\000a\000l\000i\000z\000a\000t\000i\000o\000n\000.\000M\000a\000i\000n\000M\000e\000t\000h\000o\000d\000\040\000C\000l\000a\000s\000s\000\040\000R\000e\000f\000e\000r\000e\000n\000c\000e}{chapter.6}% 100
\BOOKMARK [2][-]{subsection.6.4.1}{\376\377\0006\000.\0004\000.\0001\000\040\000M\000e\000m\000b\000e\000r\000\040\000F\000u\000n\000c\000t\000i\000o\000n\000\040\000D\000o\000c\000u\000m\000e\000n\000t\000a\000t\000i\000o\000n}{section.6.4}% 101
\BOOKMARK [3][-]{subsubsection.6.4.1.1}{\376\377\0006\000.\0004\000.\0001\000.\0001\000\040\000m\000a\000i\000n\000\050\000\051}{subsection.6.4.1}% 102
\BOOKMARK [1][-]{section.6.5}{\376\377\0006\000.\0005\000\040\000t\000r\000a\000n\000s\000l\000a\000t\000i\000o\000n\000V\000i\000s\000u\000a\000l\000i\000z\000a\000t\000i\000o\000n\000.\000R\000e\000c\000t\000a\000n\000g\000l\000e\000\040\000C\000l\000a\000s\000s\000\040\000R\000e\000f\000e\000r\000e\000n\000c\000e}{chapter.6}% 103
\BOOKMARK [2][-]{subsection.6.5.1}{\376\377\0006\000.\0005\000.\0001\000\040\000M\000e\000m\000b\000e\000r\000\040\000F\000u\000n\000c\000t\000i\000o\000n\000\040\000D\000o\000c\000u\000m\000e\000n\000t\000a\000t\000i\000o\000n}{section.6.5}% 104
\BOOKMARK [3][-]{subsubsection.6.5.1.1}{\376\377\0006\000.\0005\000.\0001\000.\0001\000\040\000g\000e\000t\000M\000\137\000R\000a\000n\000g\000e\000E\000n\000d\000P\000o\000i\000n\000t\000\050\000\051}{subsection.6.5.1}% 105
\BOOKMARK [3][-]{subsubsection.6.5.1.2}{\376\377\0006\000.\0005\000.\0001\000.\0002\000\040\000g\000e\000t\000M\000\137\000R\000e\000c\000t\000C\000o\000l\000o\000r\000\050\000\051}{subsection.6.5.1}% 106
\BOOKMARK [3][-]{subsubsection.6.5.1.3}{\376\377\0006\000.\0005\000.\0001\000.\0003\000\040\000g\000e\000t\000M\000\137\000R\000e\000c\000t\000H\000e\000i\000g\000h\000t\000\050\000\051}{subsection.6.5.1}% 107
\BOOKMARK [3][-]{subsubsection.6.5.1.4}{\376\377\0006\000.\0005\000.\0001\000.\0004\000\040\000g\000e\000t\000M\000\137\000R\000e\000c\000t\000P\000o\000i\000n\000t\000\050\000\051}{subsection.6.5.1}% 108
\BOOKMARK [3][-]{subsubsection.6.5.1.5}{\376\377\0006\000.\0005\000.\0001\000.\0005\000\040\000g\000e\000t\000M\000\137\000R\000e\000c\000t\000W\000i\000d\000t\000h\000\050\000\051}{subsection.6.5.1}% 109
\BOOKMARK [3][-]{subsubsection.6.5.1.6}{\376\377\0006\000.\0005\000.\0001\000.\0006\000\040\000g\000e\000t\000M\000\137\000R\000e\000g\000i\000o\000n\000P\000o\000i\000n\000t\000s\000\050\000\051}{subsection.6.5.1}% 110
\BOOKMARK [3][-]{subsubsection.6.5.1.7}{\376\377\0006\000.\0005\000.\0001\000.\0007\000\040\000s\000e\000t\000M\000\137\000R\000a\000n\000g\000e\000E\000n\000d\000P\000o\000i\000n\000t\000\050\000\051}{subsection.6.5.1}% 111
\BOOKMARK [3][-]{subsubsection.6.5.1.8}{\376\377\0006\000.\0005\000.\0001\000.\0008\000\040\000s\000e\000t\000M\000\137\000R\000e\000c\000t\000C\000o\000l\000o\000r\000\050\000\051}{subsection.6.5.1}% 112
\BOOKMARK [3][-]{subsubsection.6.5.1.9}{\376\377\0006\000.\0005\000.\0001\000.\0009\000\040\000s\000e\000t\000M\000\137\000R\000e\000c\000t\000P\000o\000i\000n\000t\000\050\000\051}{subsection.6.5.1}% 113
\BOOKMARK [3][-]{subsubsection.6.5.1.10}{\376\377\0006\000.\0005\000.\0001\000.\0001\0000\000\040\000s\000e\000t\000M\000\137\000R\000e\000c\000t\000W\000i\000d\000t\000h\000\050\000\051}{subsection.6.5.1}% 114
\BOOKMARK [3][-]{subsubsection.6.5.1.11}{\376\377\0006\000.\0005\000.\0001\000.\0001\0001\000\040\000s\000e\000t\000M\000\137\000R\000e\000g\000i\000o\000n\000P\000o\000i\000n\000t\000s\000\050\000\051}{subsection.6.5.1}% 115
\BOOKMARK [1][-]{section.6.6}{\376\377\0006\000.\0006\000\040\000t\000r\000a\000n\000s\000l\000a\000t\000i\000o\000n\000V\000i\000s\000u\000a\000l\000i\000z\000a\000t\000i\000o\000n\000.\000T\000F\000I\000D\000F\000C\000a\000l\000c\000u\000l\000a\000t\000o\000r\000\040\000C\000l\000a\000s\000s\000\040\000R\000e\000f\000e\000r\000e\000n\000c\000e}{chapter.6}% 116
\BOOKMARK [2][-]{subsection.6.6.1}{\376\377\0006\000.\0006\000.\0001\000\040\000D\000e\000t\000a\000i\000l\000e\000d\000\040\000D\000e\000s\000c\000r\000i\000p\000t\000i\000o\000n}{section.6.6}% 117
\BOOKMARK [2][-]{subsection.6.6.2}{\376\377\0006\000.\0006\000.\0002\000\040\000M\000e\000m\000b\000e\000r\000\040\000F\000u\000n\000c\000t\000i\000o\000n\000\040\000D\000o\000c\000u\000m\000e\000n\000t\000a\000t\000i\000o\000n}{section.6.6}% 118
\BOOKMARK [3][-]{subsubsection.6.6.2.1}{\376\377\0006\000.\0006\000.\0002\000.\0001\000\040\000g\000e\000t\000C\000o\000n\000c\000o\000r\000d\000a\000n\000c\000e\000\050\000\051}{subsection.6.6.2}% 119
\BOOKMARK [3][-]{subsubsection.6.6.2.2}{\376\377\0006\000.\0006\000.\0002\000.\0002\000\040\000g\000e\000t\000L\000i\000s\000t\000s\000\050\000\051}{subsection.6.6.2}% 120
\BOOKMARK [3][-]{subsubsection.6.6.2.3}{\376\377\0006\000.\0006\000.\0002\000.\0003\000\040\000g\000e\000t\000O\000n\000e\000D\000o\000c\000\050\000\051}{subsection.6.6.2}% 121
\BOOKMARK [3][-]{subsubsection.6.6.2.4}{\376\377\0006\000.\0006\000.\0002\000.\0004\000\040\000g\000e\000t\000T\000f\000i\000d\000f\000L\000i\000s\000t\000\050\000\051}{subsection.6.6.2}% 122
\BOOKMARK [3][-]{subsubsection.6.6.2.5}{\376\377\0006\000.\0006\000.\0002\000.\0005\000\040\000i\000d\000f\000\050\000\051}{subsection.6.6.2}% 123
\BOOKMARK [3][-]{subsubsection.6.6.2.6}{\376\377\0006\000.\0006\000.\0002\000.\0006\000\040\000i\000n\000i\000t\000i\000a\000t\000e\000\050\000\051}{subsection.6.6.2}% 124
\BOOKMARK [3][-]{subsubsection.6.6.2.7}{\376\377\0006\000.\0006\000.\0002\000.\0007\000\040\000s\000e\000t\000C\000o\000n\000c\000o\000r\000d\000a\000n\000c\000e\000\050\000\051}{subsection.6.6.2}% 125
\BOOKMARK [3][-]{subsubsection.6.6.2.8}{\376\377\0006\000.\0006\000.\0002\000.\0008\000\040\000s\000e\000t\000O\000n\000e\000D\000o\000c\000\050\000\051}{subsection.6.6.2}% 126
\BOOKMARK [3][-]{subsubsection.6.6.2.9}{\376\377\0006\000.\0006\000.\0002\000.\0009\000\040\000s\000e\000t\000T\000f\000i\000d\000f\000L\000i\000s\000t\000\050\000\051}{subsection.6.6.2}% 127
\BOOKMARK [1][-]{section.6.7}{\376\377\0006\000.\0007\000\040\000t\000r\000a\000n\000s\000l\000a\000t\000i\000o\000n\000V\000i\000s\000u\000a\000l\000i\000z\000a\000t\000i\000o\000n\000.\000T\000r\000a\000n\000s\000l\000a\000t\000i\000o\000n\000V\000i\000s\000u\000a\000l\000i\000z\000a\000t\000i\000o\000n\000\040\000C\000l\000a\000s\000s\000\040\000R\000e\000f\000e\000r\000e\000n\000c\000e}{chapter.6}% 128
\BOOKMARK [2][-]{subsection.6.7.1}{\376\377\0006\000.\0007\000.\0001\000\040\000M\000e\000m\000b\000e\000r\000\040\000F\000u\000n\000c\000t\000i\000o\000n\000\040\000D\000o\000c\000u\000m\000e\000n\000t\000a\000t\000i\000o\000n}{section.6.7}% 129
\BOOKMARK [3][-]{subsubsection.6.7.1.1}{\376\377\0006\000.\0007\000.\0001\000.\0001\000\040\000g\000e\000t\000C\000o\000n\000c\000o\000r\000d\000a\000n\000c\000e\000B\000u\000t\000t\000o\000n\000\050\000\051}{subsection.6.7.1}% 130
\BOOKMARK [3][-]{subsubsection.6.7.1.2}{\376\377\0006\000.\0007\000.\0001\000.\0002\000\040\000g\000e\000t\000C\000o\000n\000c\000o\000r\000d\000a\000n\000c\000e\000F\000r\000a\000m\000e\000\050\000\051}{subsection.6.7.1}% 131
\BOOKMARK [3][-]{subsubsection.6.7.1.3}{\376\377\0006\000.\0007\000.\0001\000.\0003\000\040\000g\000e\000t\000C\000o\000n\000c\000o\000r\000d\000a\000n\000c\000e\000P\000a\000n\000e\000l\000\050\000\051}{subsection.6.7.1}% 132
\BOOKMARK [3][-]{subsubsection.6.7.1.4}{\376\377\0006\000.\0007\000.\0001\000.\0004\000\040\000g\000e\000t\000D\000a\000t\000a\000R\000e\000a\000d\000e\000r\000\050\000\051}{subsection.6.7.1}% 133
\BOOKMARK [3][-]{subsubsection.6.7.1.5}{\376\377\0006\000.\0007\000.\0001\000.\0005\000\040\000g\000e\000t\000F\000r\000a\000m\000e\000T\000i\000t\000l\000e\000\050\000\051}{subsection.6.7.1}% 134
\BOOKMARK [3][-]{subsubsection.6.7.1.6}{\376\377\0006\000.\0007\000.\0001\000.\0006\000\040\000g\000e\000t\000M\000\137\000C\000o\000l\000o\000r\000L\000e\000g\000e\000n\000d\000P\000a\000n\000e\000l\000\050\000\051}{subsection.6.7.1}% 135
\BOOKMARK [3][-]{subsubsection.6.7.1.7}{\376\377\0006\000.\0007\000.\0001\000.\0007\000\040\000g\000e\000t\000M\000\137\000C\000o\000n\000c\000o\000r\000d\000a\000n\000c\000e\000S\000l\000i\000d\000e\000r\000\050\000\051}{subsection.6.7.1}% 136
\BOOKMARK [3][-]{subsubsection.6.7.1.8}{\376\377\0006\000.\0007\000.\0001\000.\0008\000\040\000g\000e\000t\000M\000\137\000C\000o\000n\000s\000t\000r\000a\000i\000n\000t\000\050\000\051}{subsection.6.7.1}% 137
\BOOKMARK [3][-]{subsubsection.6.7.1.9}{\376\377\0006\000.\0007\000.\0001\000.\0009\000\040\000g\000e\000t\000M\000\137\000l\000e\000m\000m\000a\000B\000u\000t\000t\000o\000n\000\050\000\051}{subsection.6.7.1}% 138
\BOOKMARK [3][-]{subsubsection.6.7.1.10}{\376\377\0006\000.\0007\000.\0001\000.\0001\0000\000\040\000g\000e\000t\000M\000\137\000P\000a\000n\000e\000l\000L\000a\000y\000o\000u\000t\000\050\000\051}{subsection.6.7.1}% 139
\BOOKMARK [3][-]{subsubsection.6.7.1.11}{\376\377\0006\000.\0007\000.\0001\000.\0001\0001\000\040\000g\000e\000t\000M\000\137\000S\000c\000r\000o\000l\000l\000P\000a\000n\000e\000l\000\050\000\051}{subsection.6.7.1}% 140
\BOOKMARK [3][-]{subsubsection.6.7.1.12}{\376\377\0006\000.\0007\000.\0001\000.\0001\0002\000\040\000g\000e\000t\000M\000\137\000S\000c\000r\000o\000l\000l\000P\000a\000n\000e\000S\000l\000i\000d\000e\000r\000\050\000\051}{subsection.6.7.1}% 141
\BOOKMARK [3][-]{subsubsection.6.7.1.13}{\376\377\0006\000.\0007\000.\0001\000.\0001\0003\000\040\000g\000e\000t\000M\000\137\000S\000l\000i\000d\000e\000r\000L\000a\000b\000e\000l\000\050\000\051}{subsection.6.7.1}% 142
\BOOKMARK [3][-]{subsubsection.6.7.1.14}{\376\377\0006\000.\0007\000.\0001\000.\0001\0004\000\040\000g\000e\000t\000M\000\137\000T\000e\000x\000t\000O\000n\000O\000f\000f\000B\000u\000t\000t\000o\000n\000\050\000\051}{subsection.6.7.1}% 143
\BOOKMARK [3][-]{subsubsection.6.7.1.15}{\376\377\0006\000.\0007\000.\0001\000.\0001\0005\000\040\000g\000e\000t\000M\000\137\000T\000f\000I\000d\000f\000B\000u\000t\000t\000o\000n\000\050\000\051}{subsection.6.7.1}% 144
\BOOKMARK [3][-]{subsubsection.6.7.1.16}{\376\377\0006\000.\0007\000.\0001\000.\0001\0006\000\040\000g\000e\000t\000M\000\137\000U\000s\000e\000r\000O\000p\000t\000i\000o\000n\000P\000a\000n\000e\000l\000\050\000\051}{subsection.6.7.1}% 145
\BOOKMARK [3][-]{subsubsection.6.7.1.17}{\376\377\0006\000.\0007\000.\0001\000.\0001\0007\000\040\000g\000e\000t\000M\000\137\000v\000i\000s\000u\000a\000l\000l\000i\000z\000a\000t\000i\000o\000n\000P\000a\000n\000e\000l\000\050\000\051}{subsection.6.7.1}% 146
\BOOKMARK [3][-]{subsubsection.6.7.1.18}{\376\377\0006\000.\0007\000.\0001\000.\0001\0008\000\040\000g\000e\000t\000S\000c\000r\000o\000l\000l\000P\000a\000n\000e\000\050\000\051}{subsection.6.7.1}% 147
\BOOKMARK [3][-]{subsubsection.6.7.1.19}{\376\377\0006\000.\0007\000.\0001\000.\0001\0009\000\040\000g\000e\000t\000V\000e\000r\000s\000i\000o\000n\000C\000h\000o\000o\000s\000i\000n\000g\000P\000a\000n\000e\000l\000\050\000\051}{subsection.6.7.1}% 148
\BOOKMARK [3][-]{subsubsection.6.7.1.20}{\376\377\0006\000.\0007\000.\0001\000.\0002\0000\000\040\000g\000e\000t\000V\000e\000r\000s\000i\000o\000n\000L\000i\000s\000t\000\050\000\051}{subsection.6.7.1}% 149
\BOOKMARK [3][-]{subsubsection.6.7.1.21}{\376\377\0006\000.\0007\000.\0001\000.\0002\0001\000\040\000g\000e\000t\000V\000e\000r\000s\000i\000o\000n\000M\000e\000n\000u\000\050\000\051}{subsection.6.7.1}% 150
\BOOKMARK [3][-]{subsubsection.6.7.1.22}{\376\377\0006\000.\0007\000.\0001\000.\0002\0002\000\040\000i\000n\000i\000t\000i\000a\000t\000e\000F\000r\000a\000m\000e\000\050\000\051}{subsection.6.7.1}% 151
\BOOKMARK [3][-]{subsubsection.6.7.1.23}{\376\377\0006\000.\0007\000.\0001\000.\0002\0003\000\040\000i\000n\000i\000t\000i\000a\000t\000e\000T\000r\000a\000n\000s\000V\000i\000s\000\050\000\051}{subsection.6.7.1}% 152
\BOOKMARK [3][-]{subsubsection.6.7.1.24}{\376\377\0006\000.\0007\000.\0001\000.\0002\0004\000\040\000i\000n\000i\000t\000i\000a\000t\000e\000U\000s\000e\000r\000O\000p\000t\000P\000a\000n\000e\000l\000\050\000\051}{subsection.6.7.1}% 153
\BOOKMARK [3][-]{subsubsection.6.7.1.25}{\376\377\0006\000.\0007\000.\0001\000.\0002\0005\000\040\000i\000n\000i\000t\000i\000a\000t\000e\000V\000i\000s\000P\000a\000n\000e\000l\000\050\000\051}{subsection.6.7.1}% 154
\BOOKMARK [3][-]{subsubsection.6.7.1.26}{\376\377\0006\000.\0007\000.\0001\000.\0002\0006\000\040\000s\000e\000t\000C\000o\000m\000p\000o\000n\000e\000n\000t\000s\000\050\000\051}{subsection.6.7.1}% 155
\BOOKMARK [3][-]{subsubsection.6.7.1.27}{\376\377\0006\000.\0007\000.\0001\000.\0002\0007\000\040\000s\000e\000t\000C\000o\000n\000c\000o\000r\000d\000a\000n\000c\000e\000B\000u\000t\000t\000o\000n\000\050\000\051}{subsection.6.7.1}% 156
\BOOKMARK [3][-]{subsubsection.6.7.1.28}{\376\377\0006\000.\0007\000.\0001\000.\0002\0008\000\040\000s\000e\000t\000C\000o\000n\000c\000o\000r\000d\000a\000n\000c\000e\000F\000r\000a\000m\000e\000\050\000\051}{subsection.6.7.1}% 157
\BOOKMARK [3][-]{subsubsection.6.7.1.29}{\376\377\0006\000.\0007\000.\0001\000.\0002\0009\000\040\000s\000e\000t\000C\000o\000n\000c\000o\000r\000d\000a\000n\000c\000e\000P\000a\000n\000e\000l\000\050\000\051}{subsection.6.7.1}% 158
\BOOKMARK [3][-]{subsubsection.6.7.1.30}{\376\377\0006\000.\0007\000.\0001\000.\0003\0000\000\040\000s\000e\000t\000D\000a\000t\000a\000R\000e\000a\000d\000e\000r\000\050\000\051}{subsection.6.7.1}% 159
\BOOKMARK [3][-]{subsubsection.6.7.1.31}{\376\377\0006\000.\0007\000.\0001\000.\0003\0001\000\040\000s\000e\000t\000F\000r\000a\000m\000e\000T\000i\000t\000l\000e\000\050\000\051}{subsection.6.7.1}% 160
\BOOKMARK [3][-]{subsubsection.6.7.1.32}{\376\377\0006\000.\0007\000.\0001\000.\0003\0002\000\040\000s\000e\000t\000M\000\137\000C\000o\000l\000o\000r\000L\000e\000g\000e\000n\000d\000P\000a\000n\000e\000l\000\050\000\051}{subsection.6.7.1}% 161
\BOOKMARK [3][-]{subsubsection.6.7.1.33}{\376\377\0006\000.\0007\000.\0001\000.\0003\0003\000\040\000s\000e\000t\000M\000\137\000C\000o\000n\000c\000o\000r\000d\000a\000n\000c\000e\000S\000l\000i\000d\000e\000r\000\050\000\051}{subsection.6.7.1}% 162
\BOOKMARK [3][-]{subsubsection.6.7.1.34}{\376\377\0006\000.\0007\000.\0001\000.\0003\0004\000\040\000s\000e\000t\000M\000\137\000C\000o\000n\000s\000t\000r\000a\000i\000n\000t\000\050\000\051}{subsection.6.7.1}% 163
\BOOKMARK [3][-]{subsubsection.6.7.1.35}{\376\377\0006\000.\0007\000.\0001\000.\0003\0005\000\040\000s\000e\000t\000M\000\137\000l\000e\000m\000m\000a\000B\000u\000t\000t\000o\000n\000\050\000\051}{subsection.6.7.1}% 164
\BOOKMARK [3][-]{subsubsection.6.7.1.36}{\376\377\0006\000.\0007\000.\0001\000.\0003\0006\000\040\000s\000e\000t\000M\000\137\000P\000a\000n\000e\000l\000L\000a\000y\000o\000u\000t\000\050\000\051}{subsection.6.7.1}% 165
\BOOKMARK [3][-]{subsubsection.6.7.1.37}{\376\377\0006\000.\0007\000.\0001\000.\0003\0007\000\040\000s\000e\000t\000M\000\137\000S\000c\000r\000o\000l\000l\000P\000a\000n\000e\000l\000\050\000\051}{subsection.6.7.1}% 166
\BOOKMARK [3][-]{subsubsection.6.7.1.38}{\376\377\0006\000.\0007\000.\0001\000.\0003\0008\000\040\000s\000e\000t\000M\000\137\000S\000c\000r\000o\000l\000l\000P\000a\000n\000e\000S\000l\000i\000d\000e\000r\000\050\000\051}{subsection.6.7.1}% 167
\BOOKMARK [3][-]{subsubsection.6.7.1.39}{\376\377\0006\000.\0007\000.\0001\000.\0003\0009\000\040\000s\000e\000t\000M\000\137\000S\000l\000i\000d\000e\000r\000L\000a\000b\000e\000l\000\050\000\051}{subsection.6.7.1}% 168
\BOOKMARK [3][-]{subsubsection.6.7.1.40}{\376\377\0006\000.\0007\000.\0001\000.\0004\0000\000\040\000s\000e\000t\000M\000\137\000T\000e\000x\000t\000O\000n\000O\000f\000f\000B\000u\000t\000t\000o\000n\000\050\000\051}{subsection.6.7.1}% 169
\BOOKMARK [3][-]{subsubsection.6.7.1.41}{\376\377\0006\000.\0007\000.\0001\000.\0004\0001\000\040\000s\000e\000t\000M\000\137\000T\000f\000I\000d\000f\000B\000u\000t\000t\000o\000n\000\050\000\051}{subsection.6.7.1}% 170
\BOOKMARK [3][-]{subsubsection.6.7.1.42}{\376\377\0006\000.\0007\000.\0001\000.\0004\0002\000\040\000s\000e\000t\000M\000\137\000U\000s\000e\000r\000O\000p\000t\000i\000o\000n\000P\000a\000n\000e\000l\000\050\000\051}{subsection.6.7.1}% 171
\BOOKMARK [3][-]{subsubsection.6.7.1.43}{\376\377\0006\000.\0007\000.\0001\000.\0004\0003\000\040\000s\000e\000t\000M\000\137\000V\000e\000r\000s\000i\000o\000n\000L\000i\000s\000t\000\050\000\051}{subsection.6.7.1}% 172
\BOOKMARK [3][-]{subsubsection.6.7.1.44}{\376\377\0006\000.\0007\000.\0001\000.\0004\0004\000\040\000s\000e\000t\000M\000\137\000v\000i\000s\000u\000a\000l\000l\000i\000z\000a\000t\000i\000o\000n\000P\000a\000n\000e\000l\000\050\000\051}{subsection.6.7.1}% 173
\BOOKMARK [3][-]{subsubsection.6.7.1.45}{\376\377\0006\000.\0007\000.\0001\000.\0004\0005\000\040\000s\000e\000t\000S\000c\000r\000o\000l\000l\000P\000a\000n\000e\000\050\000\051}{subsection.6.7.1}% 174
\BOOKMARK [3][-]{subsubsection.6.7.1.46}{\376\377\0006\000.\0007\000.\0001\000.\0004\0006\000\040\000s\000e\000t\000V\000e\000r\000s\000i\000o\000n\000C\000h\000o\000o\000s\000i\000n\000g\000P\000a\000n\000e\000l\000\050\000\051}{subsection.6.7.1}% 175
\BOOKMARK [1][-]{section.6.8}{\376\377\0006\000.\0008\000\040\000t\000r\000a\000n\000s\000l\000a\000t\000i\000o\000n\000V\000i\000s\000u\000a\000l\000i\000z\000a\000t\000i\000o\000n\000.\000V\000e\000r\000s\000i\000o\000n\000\040\000C\000l\000a\000s\000s\000\040\000R\000e\000f\000e\000r\000e\000n\000c\000e}{chapter.6}% 176
\BOOKMARK [2][-]{subsection.6.8.1}{\376\377\0006\000.\0008\000.\0001\000\040\000M\000e\000m\000b\000e\000r\000\040\000F\000u\000n\000c\000t\000i\000o\000n\000\040\000D\000o\000c\000u\000m\000e\000n\000t\000a\000t\000i\000o\000n}{section.6.8}% 177
\BOOKMARK [3][-]{subsubsection.6.8.1.1}{\376\377\0006\000.\0008\000.\0001\000.\0001\000\040\000g\000e\000t\000M\000\137\000A\000u\000t\000h\000o\000r\000\050\000\051}{subsection.6.8.1}% 178
\BOOKMARK [3][-]{subsubsection.6.8.1.2}{\376\377\0006\000.\0008\000.\0001\000.\0002\000\040\000g\000e\000t\000M\000\137\000C\000o\000n\000c\000o\000r\000d\000a\000n\000c\000e\000\050\000\051}{subsection.6.8.1}% 179
\BOOKMARK [3][-]{subsubsection.6.8.1.3}{\376\377\0006\000.\0008\000.\0001\000.\0003\000\040\000g\000e\000t\000M\000\137\000C\000o\000n\000c\000o\000r\000d\000a\000n\000c\000e\000L\000i\000s\000t\000\050\000\051}{subsection.6.8.1}% 180
\BOOKMARK [3][-]{subsubsection.6.8.1.4}{\376\377\0006\000.\0008\000.\0001\000.\0004\000\040\000g\000e\000t\000M\000\137\000t\000i\000t\000l\000e\000P\000o\000i\000n\000t\000\050\000\051}{subsection.6.8.1}% 181
\BOOKMARK [3][-]{subsubsection.6.8.1.5}{\376\377\0006\000.\0008\000.\0001\000.\0005\000\040\000g\000e\000t\000M\000\137\000V\000e\000r\000s\000i\000o\000n\000N\000a\000m\000e\000\050\000\051}{subsection.6.8.1}% 182
\BOOKMARK [3][-]{subsubsection.6.8.1.6}{\376\377\0006\000.\0008\000.\0001\000.\0006\000\040\000g\000e\000t\000M\000\137\000V\000e\000r\000s\000i\000o\000n\000N\000u\000m\000b\000e\000r\000\050\000\051}{subsection.6.8.1}% 183
\BOOKMARK [3][-]{subsubsection.6.8.1.7}{\376\377\0006\000.\0008\000.\0001\000.\0007\000\040\000g\000e\000t\000M\000\137\000V\000e\000r\000s\000i\000o\000n\000Y\000e\000a\000r\000\050\000\051}{subsection.6.8.1}% 184
\BOOKMARK [3][-]{subsubsection.6.8.1.8}{\376\377\0006\000.\0008\000.\0001\000.\0008\000\040\000g\000e\000t\000M\000\137\000W\000O\000R\000D\000\137\000F\000O\000N\000T\000\050\000\051}{subsection.6.8.1}% 185
\BOOKMARK [3][-]{subsubsection.6.8.1.9}{\376\377\0006\000.\0008\000.\0001\000.\0009\000\040\000g\000e\000t\000M\000\137\000W\000o\000r\000d\000s\000L\000i\000s\000t\000\050\000\051}{subsection.6.8.1}% 186
\BOOKMARK [3][-]{subsubsection.6.8.1.10}{\376\377\0006\000.\0008\000.\0001\000.\0001\0000\000\040\000s\000e\000t\000M\000\137\000A\000u\000t\000h\000o\000r\000\050\000\051}{subsection.6.8.1}% 187
\BOOKMARK [3][-]{subsubsection.6.8.1.11}{\376\377\0006\000.\0008\000.\0001\000.\0001\0001\000\040\000s\000e\000t\000M\000\137\000C\000o\000n\000c\000o\000r\000d\000a\000n\000c\000e\000\050\000\051}{subsection.6.8.1}% 188
\BOOKMARK [3][-]{subsubsection.6.8.1.12}{\376\377\0006\000.\0008\000.\0001\000.\0001\0002\000\040\000s\000e\000t\000M\000\137\000C\000o\000n\000c\000o\000r\000d\000a\000n\000c\000e\000L\000i\000s\000t\000\050\000\051}{subsection.6.8.1}% 189
\BOOKMARK [3][-]{subsubsection.6.8.1.13}{\376\377\0006\000.\0008\000.\0001\000.\0001\0003\000\040\000s\000e\000t\000M\000\137\000t\000i\000t\000l\000e\000P\000o\000i\000n\000t\000\050\000\051}{subsection.6.8.1}% 190
\BOOKMARK [3][-]{subsubsection.6.8.1.14}{\376\377\0006\000.\0008\000.\0001\000.\0001\0004\000\040\000s\000e\000t\000M\000\137\000V\000e\000r\000s\000i\000o\000n\000N\000a\000m\000e\000\050\000\051}{subsection.6.8.1}% 191
\BOOKMARK [3][-]{subsubsection.6.8.1.15}{\376\377\0006\000.\0008\000.\0001\000.\0001\0005\000\040\000s\000e\000t\000M\000\137\000V\000e\000r\000s\000i\000o\000n\000N\000u\000m\000b\000e\000r\000\050\000\051}{subsection.6.8.1}% 192
\BOOKMARK [3][-]{subsubsection.6.8.1.16}{\376\377\0006\000.\0008\000.\0001\000.\0001\0006\000\040\000s\000e\000t\000M\000\137\000V\000e\000r\000s\000i\000o\000n\000Y\000e\000a\000r\000\050\000\051}{subsection.6.8.1}% 193
\BOOKMARK [3][-]{subsubsection.6.8.1.17}{\376\377\0006\000.\0008\000.\0001\000.\0001\0007\000\040\000s\000e\000t\000M\000\137\000W\000o\000r\000d\000s\000L\000i\000s\000t\000\050\000\051}{subsection.6.8.1}% 194
\BOOKMARK [0][-]{chapter.7}{\376\377\0007\000\040\000F\000i\000l\000e\000\040\000D\000o\000c\000u\000m\000e\000n\000t\000a\000t\000i\000o\000n}{}% 195
\BOOKMARK [1][-]{section.7.1}{\376\377\0007\000.\0001\000\040\000D\000a\000t\000a\000R\000e\000a\000d\000e\000r\000.\000j\000a\000v\000a\000\040\000F\000i\000l\000e\000\040\000R\000e\000f\000e\000r\000e\000n\000c\000e}{chapter.7}% 196
\BOOKMARK [1][-]{section.7.2}{\376\377\0007\000.\0002\000\040\000I\000t\000e\000m\000.\000j\000a\000v\000a\000\040\000F\000i\000l\000e\000\040\000R\000e\000f\000e\000r\000e\000n\000c\000e}{chapter.7}% 197
\BOOKMARK [1][-]{section.7.3}{\376\377\0007\000.\0003\000\040\000L\000e\000m\000m\000a\000P\000r\000o\000c\000e\000s\000s\000.\000j\000a\000v\000a\000\040\000F\000i\000l\000e\000\040\000R\000e\000f\000e\000r\000e\000n\000c\000e}{chapter.7}% 198
\BOOKMARK [1][-]{section.7.4}{\376\377\0007\000.\0004\000\040\000M\000a\000i\000n\000M\000e\000t\000h\000o\000d\000.\000j\000a\000v\000a\000\040\000F\000i\000l\000e\000\040\000R\000e\000f\000e\000r\000e\000n\000c\000e}{chapter.7}% 199
\BOOKMARK [1][-]{section.7.5}{\376\377\0007\000.\0005\000\040\000R\000e\000c\000t\000a\000n\000g\000l\000e\000.\000j\000a\000v\000a\000\040\000F\000i\000l\000e\000\040\000R\000e\000f\000e\000r\000e\000n\000c\000e}{chapter.7}% 200
\BOOKMARK [1][-]{section.7.6}{\376\377\0007\000.\0006\000\040\000T\000F\000I\000D\000F\000C\000a\000l\000c\000u\000l\000a\000t\000o\000r\000.\000j\000a\000v\000a\000\040\000F\000i\000l\000e\000\040\000R\000e\000f\000e\000r\000e\000n\000c\000e}{chapter.7}% 201
\BOOKMARK [1][-]{section.7.7}{\376\377\0007\000.\0007\000\040\000T\000r\000a\000n\000s\000l\000a\000t\000i\000o\000n\000V\000i\000s\000u\000a\000l\000i\000z\000a\000t\000i\000o\000n\000.\000j\000a\000v\000a\000\040\000F\000i\000l\000e\000\040\000R\000e\000f\000e\000r\000e\000n\000c\000e}{chapter.7}% 202
\BOOKMARK [1][-]{section.7.8}{\376\377\0007\000.\0008\000\040\000V\000e\000r\000s\000i\000o\000n\000.\000j\000a\000v\000a\000\040\000F\000i\000l\000e\000\040\000R\000e\000f\000e\000r\000e\000n\000c\000e}{chapter.7}% 203
